============================== Mace4 =================================
Mace4 (64) version 2009-11A, November 2009.
Process 83 was started by denis on DESKTOP-P9L93MQ,
Sun Dec  8 21:10:08 2024
The command was "/mnt/c/Users/dandr/Desktop/LADR-2009-11A/bin/mace4 -c -n 2 -m -1 -f ex1.in".
============================== end of head ===========================

============================== INPUT =================================

% Reading from file ex1.in


formulas(assumptions).
p1 & p2 & p3.
t1 | t2 | t3.
t1 -> -t2.
t1 -> -t3.
t2 -> -t1.
t2 -> -t3.
t3 -> -t1.
t3 -> -t2.
c1 & c2 | c2 & c3 | c1 & c3.
p1 -> c1 | t1.
p2 -> c2 | t2.
p3 -> c3 | t3.
t1 -> c2 & c3.
t2 -> c1 & c3.
t3 -> c1 & c2.
t1 -> -c1.
t2 -> -c2.
t3 -> -c3.
p1 -> -t3.
p2 -> t1 | t3.
p3 -> -t3.
end_of_list.

formulas(goals).
end_of_list.
    % assign(domain_size, 2) -> assign(start_size, 2).
    % assign(domain_size, 2) -> assign(end_size, 2).

% From the command line: assign(domain_size, 2).

% From the command line: assign(max_models, -1).

============================== end of input ==========================

============================== PROCESS NON-CLAUSAL FORMULAS ==========

% Formulas that are not ordinary clauses:
1 p1 & p2 & p3 # label(non_clause).  [assumption].
2 t1 -> -t2 # label(non_clause).  [assumption].
3 t1 -> -t3 # label(non_clause).  [assumption].
4 t2 -> -t1 # label(non_clause).  [assumption].
5 t2 -> -t3 # label(non_clause).  [assumption].
6 t3 -> -t1 # label(non_clause).  [assumption].
7 t3 -> -t2 # label(non_clause).  [assumption].
8 c1 & c2 | c2 & c3 | c1 & c3 # label(non_clause).  [assumption].
9 p1 -> c1 | t1 # label(non_clause).  [assumption].
10 p2 -> c2 | t2 # label(non_clause).  [assumption].
11 p3 -> c3 | t3 # label(non_clause).  [assumption].
12 t1 -> c2 & c3 # label(non_clause).  [assumption].
13 t2 -> c1 & c3 # label(non_clause).  [assumption].
14 t3 -> c1 & c2 # label(non_clause).  [assumption].
15 t1 -> -c1 # label(non_clause).  [assumption].
16 t2 -> -c2 # label(non_clause).  [assumption].
17 t3 -> -c3 # label(non_clause).  [assumption].
18 p1 -> -t3 # label(non_clause).  [assumption].
19 p2 -> t1 | t3 # label(non_clause).  [assumption].
20 p3 -> -t3 # label(non_clause).  [assumption].

============================== end of process non-clausal formulas ===

============================== CLAUSES FOR SEARCH ====================

formulas(mace4_clauses).
p1.
p2.
p3.
t1 | t2 | t3.
-t1 | -t2.
-t1 | -t3.
-t2 | -t1.
-t2 | -t3.
-t3 | -t1.
-t3 | -t2.
c1 | c3.
c2 | c1.
c2 | c3.
-p1 | c1 | t1.
-p2 | c2 | t2.
-p3 | c3 | t3.
-t1 | c2.
-t1 | c3.
-t2 | c1.
-t2 | c3.
-t3 | c1.
-t3 | c2.
-t1 | -c1.
-t2 | -c2.
-t3 | -c3.
-p1 | -t3.
-p2 | t1 | t3.
-p3 | -t3.
end_of_list.

============================== end of clauses for search =============

% There are no natural numbers in the input.

============================== DOMAIN SIZE 2 =========================

============================== MODEL =================================

interpretation( 2, [number=1, seconds=0], [

        relation(c1, [ 0 ]),

        relation(c2, [ 1 ]),

        relation(c3, [ 1 ]),

        relation(p1, [ 1 ]),

        relation(p2, [ 1 ]),

        relation(p3, [ 1 ]),

        relation(t1, [ 1 ]),

        relation(t2, [ 0 ]),

        relation(t3, [ 0 ])
]).

============================== end of model ==========================

============================== STATISTICS ============================

For domain size 2.

Current CPU time: 0.00 seconds (total CPU time: 0.01 seconds).
Ground clauses: seen=28, kept=27.
Selections=0, assignments=0, propagations=9, current_models=1.
Rewrite_terms=0, rewrite_bools=34, indexes=0.
Rules_from_neg_clauses=0, cross_offs=0.

============================== end of statistics =====================

User_CPU=0.01, System_CPU=0.00, Wall_clock=0.

Exiting with 1 model.

Process 83 exit (all_models) Sun Dec  8 21:10:08 2024
The process finished Sun Dec  8 21:10:08 2024
